\BOOKMARK [1][-]{section.1}{\376\377\000I\000n\000t\000r\000o\000d\000u\000c\000t\000i\000o\000n}{}% 1
\BOOKMARK [2][-]{subsection.1.1}{\376\377\000T\000h\000e\000\040\000P\000r\000o\000b\000l\000e\000m\000:\000\040\000W\000h\000e\000n\000\040\000S\000i\000m\000i\000l\000a\000r\000\040\000E\000m\000o\000t\000i\000o\000n\000s\000\040\000T\000e\000l\000l\000\040\000D\000i\000f\000f\000e\000r\000e\000n\000t\000\040\000S\000t\000o\000r\000i\000e\000s}{section.1}% 2
\BOOKMARK [2][-]{subsection.1.2}{\376\377\000T\000h\000e\000\040\000L\000i\000m\000i\000t\000a\000t\000i\000o\000n\000s\000\040\000o\000f\000\040\000C\000u\000r\000r\000e\000n\000t\000\040\000M\000o\000d\000e\000l\000s}{section.1}% 3
\BOOKMARK [2][-]{subsection.1.3}{\376\377\000A\000\040\000T\000h\000i\000r\000d\000\040\000D\000i\000m\000e\000n\000s\000i\000o\000n\000:\000\040\000C\000o\000n\000n\000e\000c\000t\000i\000o\000n}{section.1}% 4
\BOOKMARK [2][-]{subsection.1.4}{\376\377\000I\000m\000p\000l\000e\000m\000e\000n\000t\000a\000t\000i\000o\000n\000:\000\040\000T\000h\000e\000\040\000L\000.\000O\000.\000V\000.\000E\000.\000\040\000S\000t\000a\000c\000k}{section.1}% 5
\BOOKMARK [2][-]{subsection.1.5}{\376\377\000C\000o\000n\000t\000r\000i\000b\000u\000t\000i\000o\000n\000s}{section.1}% 6
\BOOKMARK [2][-]{subsection.1.6}{\376\377\000P\000a\000p\000e\000r\000\040\000O\000r\000g\000a\000n\000i\000z\000a\000t\000i\000o\000n}{section.1}% 7
\BOOKMARK [2][-]{subsection.1.7}{\376\377\000S\000i\000g\000n\000i\000f\000i\000c\000a\000n\000c\000e\000\040\000f\000o\000r\000\040\000S\000p\000e\000e\000c\000h\000-\000B\000a\000s\000e\000d\000\040\000E\000m\000o\000t\000i\000o\000n\000\040\000R\000e\000c\000o\000g\000n\000i\000t\000i\000o\000n}{section.1}% 8
\BOOKMARK [1][-]{section.2}{\376\377\000R\000e\000l\000a\000t\000e\000d\000\040\000W\000o\000r\000k}{}% 9
\BOOKMARK [2][-]{subsection.2.1}{\376\377\000D\000i\000m\000e\000n\000s\000i\000o\000n\000a\000l\000\040\000E\000m\000o\000t\000i\000o\000n\000\040\000M\000o\000d\000e\000l\000s}{section.2}% 10
\BOOKMARK [2][-]{subsection.2.2}{\376\377\000C\000a\000t\000e\000g\000o\000r\000i\000c\000a\000l\000\040\000E\000m\000o\000t\000i\000o\000n\000\040\000M\000o\000d\000e\000l\000s}{section.2}% 11
\BOOKMARK [2][-]{subsection.2.3}{\376\377\000S\000p\000e\000e\000c\000h\000-\000B\000a\000s\000e\000d\000\040\000E\000m\000o\000t\000i\000o\000n\000\040\000R\000e\000c\000o\000g\000n\000i\000t\000i\000o\000n}{section.2}% 12
\BOOKMARK [2][-]{subsection.2.4}{\376\377\000M\000e\000n\000t\000a\000l\000\040\000H\000e\000a\000l\000t\000h\000\040\000T\000e\000c\000h\000n\000o\000l\000o\000g\000y}{section.2}% 13
\BOOKMARK [2][-]{subsection.2.5}{\376\377\0003\000D\000\040\000E\000m\000o\000t\000i\000o\000n\000a\000l\000\040\000V\000i\000s\000u\000a\000l\000i\000z\000a\000t\000i\000o\000n}{section.2}% 14
\BOOKMARK [2][-]{subsection.2.6}{\376\377\000G\000a\000p\000\040\000A\000n\000a\000l\000y\000s\000i\000s\000:\000\040\000T\000h\000e\000\040\000N\000e\000e\000d\000\040\000f\000o\000r\000\040\000C\000o\000n\000n\000e\000c\000t\000i\000o\000n}{section.2}% 15
\BOOKMARK [1][-]{section.3}{\376\377\000T\000h\000e\000\040\000V\000A\000C\000\040\000M\000o\000d\000e\000l}{}% 16
\BOOKMARK [2][-]{subsection.3.1}{\376\377\000M\000a\000t\000h\000e\000m\000a\000t\000i\000c\000a\000l\000\040\000D\000e\000f\000i\000n\000i\000t\000i\000o\000n}{section.3}% 17
\BOOKMARK [2][-]{subsection.3.2}{\376\377\000T\000h\000e\000\040\000C\000o\000n\000n\000e\000c\000t\000i\000o\000n\000\040\000D\000i\000m\000e\000n\000s\000i\000o\000n\000:\000\040\000T\000h\000e\000o\000r\000e\000t\000i\000c\000a\000l\000\040\000F\000o\000u\000n\000d\000a\000t\000i\000o\000n}{section.3}% 18
\BOOKMARK [3][-]{subsubsection.3.2.1}{\376\377\000E\000t\000y\000m\000o\000l\000o\000g\000y\000\040\000a\000n\000d\000\040\000L\000i\000n\000g\000u\000i\000s\000t\000i\000c\000\040\000E\000v\000i\000d\000e\000n\000c\000e}{subsection.3.2}% 19
\BOOKMARK [3][-]{subsubsection.3.2.2}{\376\377\000B\000r\000e\000n\000\351\000\040\000B\000r\000o\000w\000n\000'\000s\000\040\000E\000m\000p\000i\000r\000i\000c\000a\000l\000\040\000F\000r\000a\000m\000e\000w\000o\000r\000k}{subsection.3.2}% 20
\BOOKMARK [3][-]{subsubsection.3.2.3}{\376\377\000T\000h\000e\000r\000a\000p\000e\000u\000t\000i\000c\000\040\000S\000i\000g\000n\000i\000f\000i\000c\000a\000n\000c\000e}{subsection.3.2}% 21
\BOOKMARK [2][-]{subsection.3.3}{\376\377\000T\000h\000e\000\040\0008\0007\000-\000E\000m\000o\000t\000i\000o\000n\000\040\000A\000t\000l\000a\000s}{section.3}% 22
\BOOKMARK [2][-]{subsection.3.4}{\376\377\000C\000r\000i\000t\000i\000c\000a\000l\000\040\000D\000i\000s\000t\000i\000n\000c\000t\000i\000o\000n\000s\000\040\000E\000n\000a\000b\000l\000e\000d\000\040\000b\000y\000\040\000C\000o\000n\000n\000e\000c\000t\000i\000o\000n}{section.3}% 23
\BOOKMARK [3][-]{subsubsection.3.4.1}{\376\377\000D\000i\000s\000t\000i\000n\000c\000t\000i\000o\000n\000\040\0001\000:\000\040\000P\000i\000t\000y\000\040\000v\000s\000.\000\040\000C\000o\000m\000p\000a\000s\000s\000i\000o\000n}{subsection.3.4}% 24
\BOOKMARK [3][-]{subsubsection.3.4.2}{\376\377\000D\000i\000s\000t\000i\000n\000c\000t\000i\000o\000n\000\040\0002\000:\000\040\000G\000r\000i\000e\000f\000\040\000v\000s\000.\000\040\000D\000e\000s\000p\000a\000i\000r}{subsection.3.4}% 25
\BOOKMARK [3][-]{subsubsection.3.4.3}{\376\377\000D\000i\000s\000t\000i\000n\000c\000t\000i\000o\000n\000\040\0003\000:\000\040\000S\000h\000a\000m\000e\000\040\000v\000s\000.\000\040\000G\000u\000i\000l\000t}{subsection.3.4}% 26
\BOOKMARK [2][-]{subsection.3.5}{\376\377\000D\000i\000s\000t\000a\000n\000c\000e\000\040\000M\000e\000t\000r\000i\000c\000s\000\040\000a\000n\000d\000\040\000S\000i\000m\000i\000l\000a\000r\000i\000t\000y}{section.3}% 27
\BOOKMARK [2][-]{subsection.3.6}{\376\377\000C\000o\000m\000p\000a\000r\000i\000s\000o\000n\000\040\000w\000i\000t\000h\000\040\000E\000x\000i\000s\000t\000i\000n\000g\000\040\0003\000D\000\040\000M\000o\000d\000e\000l\000s}{section.3}% 28
\BOOKMARK [2][-]{subsection.3.7}{\376\377\000T\000h\000e\000o\000r\000e\000t\000i\000c\000a\000l\000\040\000P\000r\000e\000d\000i\000c\000t\000i\000o\000n\000s}{section.3}% 29
\BOOKMARK [1][-]{section.4}{\376\377\000S\000y\000s\000t\000e\000m\000\040\000A\000r\000c\000h\000i\000t\000e\000c\000t\000u\000r\000e}{}% 30
\BOOKMARK [2][-]{subsection.4.1}{\376\377\000O\000v\000e\000r\000v\000i\000e\000w\000:\000\040\000T\000h\000e\000\040\000L\000.\000O\000.\000V\000.\000E\000.\000\040\000S\000t\000a\000c\000k}{section.4}% 31
\BOOKMARK [2][-]{subsection.4.2}{\376\377\000D\000e\000s\000i\000g\000n\000\040\000P\000r\000i\000n\000c\000i\000p\000l\000e\000s}{section.4}% 32
\BOOKMARK [2][-]{subsection.4.3}{\376\377\000M\000o\000d\000u\000l\000e\000\040\000D\000e\000t\000a\000i\000l\000s}{section.4}% 33
\BOOKMARK [3][-]{subsubsection.4.3.1}{\376\377\000L\000i\000s\000t\000e\000n\000e\000r\000:\000\040\000T\000h\000e\000\040\000S\000e\000n\000s\000o\000r\000y\000\040\000C\000o\000r\000t\000e\000x}{subsection.4.3}% 34
\BOOKMARK [3][-]{subsubsection.4.3.2}{\376\377\000O\000b\000s\000e\000r\000v\000e\000r\000:\000\040\000T\000h\000e\000\040\000H\000i\000p\000p\000o\000c\000a\000m\000p\000u\000s}{subsection.4.3}% 35
\BOOKMARK [3][-]{subsubsection.4.3.3}{\376\377\000V\000e\000r\000s\000o\000r\000:\000\040\000T\000h\000e\000\040\000M\000a\000t\000h\000e\000m\000a\000t\000i\000c\000a\000l\000\040\000E\000n\000g\000i\000n\000e}{subsection.4.3}% 36
\BOOKMARK [3][-]{subsubsection.4.3.4}{\376\377\000E\000x\000p\000e\000r\000i\000e\000n\000c\000e\000:\000\040\000T\000h\000e\000\040\000P\000r\000e\000s\000e\000n\000t\000a\000t\000i\000o\000n\000\040\000L\000a\000y\000e\000r}{subsection.4.3}% 37
\BOOKMARK [2][-]{subsection.4.4}{\376\377\000D\000a\000t\000a\000\040\000F\000l\000o\000w\000:\000\040\000E\000n\000d\000-\000t\000o\000-\000E\000n\000d\000\040\000E\000x\000a\000m\000p\000l\000e}{section.4}% 38
\BOOKMARK [2][-]{subsection.4.5}{\376\377\000S\000c\000a\000l\000a\000b\000i\000l\000i\000t\000y\000\040\000a\000n\000d\000\040\000D\000e\000p\000l\000o\000y\000m\000e\000n\000t}{section.4}% 39
\BOOKMARK [1][-]{section.5}{\376\377\000V\000A\000C\000\040\000E\000x\000t\000r\000a\000c\000t\000i\000o\000n\000\040\000f\000r\000o\000m\000\040\000S\000p\000e\000e\000c\000h\000\040\000a\000n\000d\000\040\000T\000e\000x\000t}{}% 40
\BOOKMARK [2][-]{subsection.5.1}{\376\377\000T\000h\000e\000\040\000C\000h\000a\000l\000l\000e\000n\000g\000e\000:\000\040\000T\000e\000a\000c\000h\000i\000n\000g\000\040\000C\000o\000n\000n\000e\000c\000t\000i\000o\000n\000\040\000t\000o\000\040\000L\000L\000M\000s}{section.5}% 41
\BOOKMARK [2][-]{subsection.5.2}{\376\377\000P\000r\000o\000m\000p\000t\000\040\000E\000n\000g\000i\000n\000e\000e\000r\000i\000n\000g\000\040\000S\000t\000r\000a\000t\000e\000g\000y}{section.5}% 42
\BOOKMARK [2][-]{subsection.5.3}{\376\377\000L\000i\000n\000g\000u\000i\000s\000t\000i\000c\000\040\000M\000a\000r\000k\000e\000r\000s\000\040\000o\000f\000\040\000C\000o\000n\000n\000e\000c\000t\000i\000o\000n}{section.5}% 43
\BOOKMARK [2][-]{subsection.5.4}{\376\377\000V\000a\000l\000i\000d\000a\000t\000i\000o\000n\000\040\000R\000e\000s\000u\000l\000t\000s}{section.5}% 44
\BOOKMARK [2][-]{subsection.5.5}{\376\377\000C\000o\000n\000f\000i\000d\000e\000n\000c\000e\000\040\000S\000c\000o\000r\000i\000n\000g}{section.5}% 45
\BOOKMARK [2][-]{subsection.5.6}{\376\377\000P\000r\000i\000v\000a\000c\000y\000\040\000a\000n\000d\000\040\000P\000I\000I\000\040\000S\000c\000r\000u\000b\000b\000i\000n\000g}{section.5}% 46
\BOOKMARK [2][-]{subsection.5.7}{\376\377\000P\000e\000r\000f\000o\000r\000m\000a\000n\000c\000e\000\040\000M\000e\000t\000r\000i\000c\000s}{section.5}% 47
\BOOKMARK [2][-]{subsection.5.8}{\376\377\000F\000u\000t\000u\000r\000e\000\040\000W\000o\000r\000k\000:\000\040\000P\000r\000o\000s\000o\000d\000i\000c\000\040\000F\000e\000a\000t\000u\000r\000e\000\040\000I\000n\000t\000e\000g\000r\000a\000t\000i\000o\000n}{section.5}% 48
\BOOKMARK [1][-]{section.6}{\376\377\000V\000a\000l\000i\000d\000a\000t\000i\000o\000n}{}% 49
\BOOKMARK [2][-]{subsection.6.1}{\376\377\000O\000v\000e\000r\000v\000i\000e\000w\000:\000\040\000T\000h\000r\000e\000e\000\040\000V\000a\000l\000i\000d\000a\000t\000i\000o\000n\000\040\000A\000p\000p\000r\000o\000a\000c\000h\000e\000s}{section.6}% 50
\BOOKMARK [2][-]{subsection.6.2}{\376\377\000S\000e\000m\000a\000n\000t\000i\000c\000\040\000V\000a\000l\000i\000d\000a\000t\000i\000o\000n\000:\000\040\000T\000h\000e\000\040\000P\000i\000t\000y\000\040\000v\000s\000.\000\040\000C\000o\000m\000p\000a\000s\000s\000i\000o\000n\000\040\000T\000e\000s\000t}{section.6}% 51
\BOOKMARK [3][-]{subsubsection.6.2.1}{\376\377\000T\000e\000s\000t\000\040\000D\000e\000s\000i\000g\000n}{subsection.6.2}% 52
\BOOKMARK [3][-]{subsubsection.6.2.2}{\376\377\000R\000e\000s\000u\000l\000t\000s}{subsection.6.2}% 53
\BOOKMARK [3][-]{subsubsection.6.2.3}{\376\377\000E\000r\000r\000o\000r\000\040\000A\000n\000a\000l\000y\000s\000i\000s}{subsection.6.2}% 54
\BOOKMARK [2][-]{subsection.6.3}{\376\377\000A\000d\000d\000i\000t\000i\000o\000n\000a\000l\000\040\000S\000e\000m\000a\000n\000t\000i\000c\000\040\000T\000e\000s\000t\000s}{section.6}% 55
\BOOKMARK [3][-]{subsubsection.6.3.1}{\376\377\000S\000h\000a\000m\000e\000\040\000v\000s\000.\000\040\000G\000u\000i\000l\000t}{subsection.6.3}% 56
\BOOKMARK [3][-]{subsubsection.6.3.2}{\376\377\000G\000r\000i\000e\000f\000\040\000v\000s\000.\000\040\000D\000e\000s\000p\000a\000i\000r}{subsection.6.3}% 57
\BOOKMARK [3][-]{subsubsection.6.3.3}{\376\377\000C\000r\000o\000s\000s\000-\000V\000a\000l\000i\000d\000a\000t\000i\000o\000n\000\040\000w\000i\000t\000h\000\040\000H\000u\000m\000a\000n\000\040\000A\000n\000n\000o\000t\000a\000t\000o\000r\000s}{subsection.6.3}% 58
\BOOKMARK [2][-]{subsection.6.4}{\376\377\000M\000a\000t\000h\000e\000m\000a\000t\000i\000c\000a\000l\000\040\000V\000a\000l\000i\000d\000a\000t\000i\000o\000n}{section.6}% 59
\BOOKMARK [3][-]{subsubsection.6.4.1}{\376\377\000Q\000u\000a\000t\000e\000r\000n\000i\000o\000n\000\040\000O\000p\000e\000r\000a\000t\000i\000o\000n\000\040\000T\000e\000s\000t\000s}{subsection.6.4}% 60
\BOOKMARK [3][-]{subsubsection.6.4.2}{\376\377\000G\000e\000o\000m\000e\000t\000r\000i\000c\000\040\000P\000r\000o\000p\000e\000r\000t\000i\000e\000s}{subsection.6.4}% 61
\BOOKMARK [2][-]{subsection.6.5}{\376\377\000T\000h\000e\000r\000a\000p\000e\000u\000t\000i\000c\000\040\000V\000a\000l\000i\000d\000a\000t\000i\000o\000n}{section.6}% 62
\BOOKMARK [3][-]{subsubsection.6.5.1}{\376\377\000E\000v\000i\000d\000e\000n\000c\000e\000-\000B\000a\000s\000e\000d\000\040\000S\000t\000r\000a\000t\000e\000g\000y\000\040\000M\000a\000p\000p\000i\000n\000g}{subsection.6.5}% 63
\BOOKMARK [3][-]{subsubsection.6.5.2}{\376\377\000P\000a\000t\000h\000f\000i\000n\000d\000i\000n\000g\000\040\000V\000a\000l\000i\000d\000a\000t\000i\000o\000n}{subsection.6.5}% 64
\BOOKMARK [3][-]{subsubsection.6.5.3}{\376\377\000C\000l\000i\000n\000i\000c\000a\000l\000\040\000C\000o\000n\000s\000u\000l\000t\000a\000t\000i\000o\000n}{subsection.6.5}% 65
\BOOKMARK [2][-]{subsection.6.6}{\376\377\000B\000a\000s\000e\000l\000i\000n\000e\000\040\000C\000o\000m\000p\000a\000r\000i\000s\000o\000n\000s}{section.6}% 66
\BOOKMARK [2][-]{subsection.6.7}{\376\377\000L\000i\000m\000i\000t\000a\000t\000i\000o\000n\000s\000\040\000a\000n\000d\000\040\000F\000u\000t\000u\000r\000e\000\040\000V\000a\000l\000i\000d\000a\000t\000i\000o\000n}{section.6}% 67
\BOOKMARK [1][-]{section.7}{\376\377\000M\000e\000n\000t\000a\000l\000\040\000H\000e\000a\000l\000t\000h\000\040\000A\000p\000p\000l\000i\000c\000a\000t\000i\000o\000n\000s}{}% 68
\BOOKMARK [2][-]{subsection.7.1}{\376\377\000O\000v\000e\000r\000v\000i\000e\000w\000:\000\040\000F\000r\000o\000m\000\040\000M\000o\000d\000e\000l\000\040\000t\000o\000\040\000T\000h\000e\000r\000a\000p\000y}{section.7}% 69
\BOOKMARK [2][-]{subsection.7.2}{\376\377\000T\000h\000e\000r\000a\000p\000e\000u\000t\000i\000c\000\040\000P\000a\000t\000h\000f\000i\000n\000d\000i\000n\000g\000\040\000w\000i\000t\000h\000\040\000A\000*}{section.7}% 70
\BOOKMARK [3][-]{subsubsection.7.2.1}{\376\377\000T\000h\000e\000\040\000C\000h\000a\000l\000l\000e\000n\000g\000e}{subsection.7.2}% 71
\BOOKMARK [3][-]{subsubsection.7.2.2}{\376\377\000A\000*\000\040\000A\000l\000g\000o\000r\000i\000t\000h\000m\000\040\000w\000i\000t\000h\000\040\000P\000s\000y\000c\000h\000o\000l\000o\000g\000i\000c\000a\000l\000\040\000C\000o\000n\000s\000t\000r\000a\000i\000n\000t\000s}{subsection.7.2}% 72
\BOOKMARK [3][-]{subsubsection.7.2.3}{\376\377\000E\000x\000a\000m\000p\000l\000e\000:\000\040\000S\000h\000a\000m\000e\000\040\000\040\000S\000e\000l\000f\000-\000C\000o\000m\000p\000a\000s\000s\000i\000o\000n}{subsection.7.2}% 73
\BOOKMARK [2][-]{subsection.7.3}{\376\377\000T\000o\000x\000i\000c\000\040\000P\000o\000s\000i\000t\000i\000v\000i\000t\000y\000\040\000D\000e\000t\000e\000c\000t\000i\000o\000n}{section.7}% 74
\BOOKMARK [3][-]{subsubsection.7.3.1}{\376\377\000D\000e\000f\000i\000n\000i\000t\000i\000o\000n}{subsection.7.3}% 75
\BOOKMARK [3][-]{subsubsection.7.3.2}{\376\377\000D\000e\000t\000e\000c\000t\000i\000o\000n\000\040\000A\000l\000g\000o\000r\000i\000t\000h\000m}{subsection.7.3}% 76
\BOOKMARK [3][-]{subsubsection.7.3.3}{\376\377\000V\000a\000l\000i\000d\000a\000t\000i\000o\000n}{subsection.7.3}% 77
\BOOKMARK [2][-]{subsection.7.4}{\376\377\000E\000v\000i\000d\000e\000n\000c\000e\000-\000B\000a\000s\000e\000d\000\040\000S\000t\000r\000a\000t\000e\000g\000y\000\040\000S\000e\000l\000e\000c\000t\000i\000o\000n}{section.7}% 78
\BOOKMARK [2][-]{subsection.7.5}{\376\377\000P\000r\000i\000v\000a\000c\000y\000-\000F\000i\000r\000s\000t\000\040\000D\000e\000s\000i\000g\000n}{section.7}% 79
\BOOKMARK [2][-]{subsection.7.6}{\376\377\000C\000l\000i\000n\000i\000c\000a\000l\000\040\000U\000s\000e\000\040\000C\000a\000s\000e\000s}{section.7}% 80
\BOOKMARK [2][-]{subsection.7.7}{\376\377\000L\000i\000m\000i\000t\000a\000t\000i\000o\000n\000s\000\040\000a\000n\000d\000\040\000S\000a\000f\000e\000g\000u\000a\000r\000d\000s}{section.7}% 81
\BOOKMARK [1][-]{section.8}{\376\377\000I\000m\000p\000l\000e\000m\000e\000n\000t\000a\000t\000i\000o\000n\000\040\000a\000n\000d\000\040\000P\000e\000r\000f\000o\000r\000m\000a\000n\000c\000e}{}% 82
\BOOKMARK [2][-]{subsection.8.1}{\376\377\000T\000e\000c\000h\000n\000o\000l\000o\000g\000y\000\040\000S\000t\000a\000c\000k\000\040\000O\000v\000e\000r\000v\000i\000e\000w}{section.8}% 83
\BOOKMARK [2][-]{subsection.8.2}{\376\377\000P\000e\000r\000f\000o\000r\000m\000a\000n\000c\000e\000\040\000B\000e\000n\000c\000h\000m\000a\000r\000k\000s}{section.8}% 84
\BOOKMARK [3][-]{subsubsection.8.2.1}{\376\377\000E\000n\000d\000-\000t\000o\000-\000E\000n\000d\000\040\000L\000a\000t\000e\000n\000c\000y}{subsection.8.2}% 85
\BOOKMARK [3][-]{subsubsection.8.2.2}{\376\377\000O\000p\000t\000i\000m\000i\000z\000a\000t\000i\000o\000n\000\040\000P\000o\000t\000e\000n\000t\000i\000a\000l}{subsection.8.2}% 86
\BOOKMARK [3][-]{subsubsection.8.2.3}{\376\377\000D\000a\000t\000a\000b\000a\000s\000e\000\040\000P\000e\000r\000f\000o\000r\000m\000a\000n\000c\000e}{subsection.8.2}% 87
\BOOKMARK [3][-]{subsubsection.8.2.4}{\376\377\0003\000D\000\040\000R\000e\000n\000d\000e\000r\000i\000n\000g\000\040\000P\000e\000r\000f\000o\000r\000m\000a\000n\000c\000e}{subsection.8.2}% 88
\BOOKMARK [2][-]{subsection.8.3}{\376\377\000S\000c\000a\000l\000a\000b\000i\000l\000i\000t\000y\000\040\000A\000n\000a\000l\000y\000s\000i\000s}{section.8}% 89
\BOOKMARK [3][-]{subsubsection.8.3.1}{\376\377\000C\000u\000r\000r\000e\000n\000t\000\040\000C\000a\000p\000a\000c\000i\000t\000y}{subsection.8.3}% 90
\BOOKMARK [3][-]{subsubsection.8.3.2}{\376\377\000H\000o\000r\000i\000z\000o\000n\000t\000a\000l\000\040\000S\000c\000a\000l\000i\000n\000g\000\040\000S\000t\000r\000a\000t\000e\000g\000y}{subsection.8.3}% 91
\BOOKMARK [2][-]{subsection.8.4}{\376\377\000D\000e\000p\000l\000o\000y\000m\000e\000n\000t\000\040\000A\000r\000c\000h\000i\000t\000e\000c\000t\000u\000r\000e}{section.8}% 92
\BOOKMARK [3][-]{subsubsection.8.4.1}{\376\377\000D\000e\000v\000e\000l\000o\000p\000m\000e\000n\000t\000\040\000S\000e\000t\000u\000p}{subsection.8.4}% 93
\BOOKMARK [3][-]{subsubsection.8.4.2}{\376\377\000P\000r\000o\000d\000u\000c\000t\000i\000o\000n\000\040\000D\000e\000p\000l\000o\000y\000m\000e\000n\000t}{subsection.8.4}% 94
\BOOKMARK [3][-]{subsubsection.8.4.3}{\376\377\000C\000l\000o\000u\000d\000\040\000D\000e\000p\000l\000o\000y\000m\000e\000n\000t\000\040\000O\000p\000t\000i\000o\000n\000s}{subsection.8.4}% 95
\BOOKMARK [2][-]{subsection.8.5}{\376\377\000M\000o\000n\000i\000t\000o\000r\000i\000n\000g\000\040\000a\000n\000d\000\040\000O\000b\000s\000e\000r\000v\000a\000b\000i\000l\000i\000t\000y}{section.8}% 96
\BOOKMARK [2][-]{subsection.8.6}{\376\377\000C\000o\000d\000e\000\040\000A\000v\000a\000i\000l\000a\000b\000i\000l\000i\000t\000y}{section.8}% 97
\BOOKMARK [1][-]{section.9}{\376\377\000D\000i\000s\000c\000u\000s\000s\000i\000o\000n}{}% 98
\BOOKMARK [2][-]{subsection.9.1}{\376\377\000K\000e\000y\000\040\000C\000o\000n\000t\000r\000i\000b\000u\000t\000i\000o\000n\000s}{section.9}% 99
\BOOKMARK [2][-]{subsection.9.2}{\376\377\000S\000t\000r\000e\000n\000g\000t\000h\000s}{section.9}% 100
\BOOKMARK [2][-]{subsection.9.3}{\376\377\000L\000i\000m\000i\000t\000a\000t\000i\000o\000n\000s}{section.9}% 101
\BOOKMARK [2][-]{subsection.9.4}{\376\377\000F\000u\000t\000u\000r\000e\000\040\000R\000e\000s\000e\000a\000r\000c\000h\000\040\000D\000i\000r\000e\000c\000t\000i\000o\000n\000s}{section.9}% 102
\BOOKMARK [3][-]{subsubsection.9.4.1}{\376\377\000M\000u\000l\000t\000i\000m\000o\000d\000a\000l\000\040\000I\000n\000t\000e\000g\000r\000a\000t\000i\000o\000n\000\040\000\050\000H\000i\000g\000h\000\040\000P\000r\000i\000o\000r\000i\000t\000y\000\051}{subsection.9.4}% 103
\BOOKMARK [3][-]{subsubsection.9.4.2}{\376\377\000C\000l\000i\000n\000i\000c\000a\000l\000\040\000V\000a\000l\000i\000d\000a\000t\000i\000o\000n\000\040\000S\000t\000u\000d\000y}{subsection.9.4}% 104
\BOOKMARK [3][-]{subsubsection.9.4.3}{\376\377\000W\000e\000a\000r\000a\000b\000l\000e\000s\000\040\000I\000n\000t\000e\000g\000r\000a\000t\000i\000o\000n}{subsection.9.4}% 105
\BOOKMARK [3][-]{subsubsection.9.4.4}{\376\377\000L\000o\000n\000g\000i\000t\000u\000d\000i\000n\000a\000l\000\040\000T\000r\000a\000c\000k\000i\000n\000g}{subsection.9.4}% 106
\BOOKMARK [3][-]{subsubsection.9.4.5}{\376\377\000C\000u\000l\000t\000u\000r\000a\000l\000\040\000A\000d\000a\000p\000t\000a\000t\000i\000o\000n}{subsection.9.4}% 107
\BOOKMARK [2][-]{subsection.9.5}{\376\377\000B\000r\000o\000a\000d\000e\000r\000\040\000I\000m\000p\000l\000i\000c\000a\000t\000i\000o\000n\000s}{section.9}% 108
\BOOKMARK [2][-]{subsection.9.6}{\376\377\000I\000n\000v\000i\000t\000a\000t\000i\000o\000n\000\040\000f\000o\000r\000\040\000C\000o\000l\000l\000a\000b\000o\000r\000a\000t\000i\000o\000n}{section.9}% 109
\BOOKMARK [1][-]{section.10}{\376\377\000C\000o\000n\000c\000l\000u\000s\000i\000o\000n}{}% 110
